<?xml version="1.0" encoding="UTF-8"?>
<!-- Generated by org.testng.reporters.JUnitReportReporter -->
<testsuite hostname="DESKTOP-CRR4RL9" failures="0" tests="1" name="com.tricentis.shoppingcart.TC_DWS_003_Test" time="7.459" errors="0" timestamp="2024-07-01T20:12:54 IST" skipped="0">
  <testcase classname="com.tricentis.shoppingcart.TC_DWS_003_Test" name="addProductToCart" time="7.459"/>
  <system-out/>
</testsuite> <!-- com.tricentis.shoppingcart.TC_DWS_003_Test -->
