<?xml version="1.0" encoding="UTF-8"?>
<!-- Generated by org.testng.reporters.JUnitReportReporter -->
<testsuite hostname="DESKTOP-CRR4RL9" failures="0" tests="1" name="com.tricentis.books.TC_DWS_005_Test" time="4.873" errors="0" timestamp="2024-07-01T20:10:47 IST" skipped="0">
  <testcase classname="com.tricentis.books.TC_DWS_005_Test" name="clickOnBooks" time="4.873"/>
  <system-out/>
</testsuite> <!-- com.tricentis.books.TC_DWS_005_Test -->
